# JRE version: OpenJDK Runtime Environment (21.0.7) (build 21.0.7+-13880790-b1038.58)
# Java VM: OpenJDK 64-Bit Server VM (21.0.7+-13880790-b1038.58, mixed mode, tiered, compressed oops, compressed class ptrs, g1 gc, windows-amd64)
GC Precious Log:
 CardTable entry size: 512
 Card Set container configuration: InlinePtr #cards 5 size 8 Array Of Cards #cards 12 size 40 Howl #buckets 4 coarsen threshold 1843 Howl Bitmap #cards 512 size 80 coarsen threshold 460 Card regions per heap region 1 cards per card region 2048
 CPUs: 12 total, 12 available
 Memory: 7583M
 Large Page Support: Disabled
 NUMA Support: Disabled
 Compressed Oops: Enabled (32-bit)
 Heap Region Size: 1M
 Heap Min Capacity: 8M
 Heap Initial Capacity: 120M
 Heap Max Capacity: 2G
 Pre-touch: Disabled
 Parallel Workers: 10
 Concurrent Workers: 3
 Concurrent Refinement Workers: 10
 Periodic GC: Disabled
Heap:
 garbage-first heap   total 345088K, used 231868K [0x0000000080000000, 0x0000000100000000)
  region size 1024K, 12 young (12288K), 12 survivors (12288K)
 Metaspace       used 128473K, committed 130752K, reserved 1179648K
  class space    used 17894K, committed 19008K, reserved 1048576K
GC Heap History (20 events):
Event: 23.231 GC heap after
{Heap after GC invocations=50 (full 0):
 garbage-first heap   total 209920K, used 127640K [0x0000000080000000, 0x0000000100000000)
  region size 1024K, 7 young (7168K), 7 survivors (7168K)
 Metaspace       used 117354K, committed 119616K, reserved 1179648K
  class space    used 16363K, committed 17472K, reserved 1048576K
}
Event: 23.874 GC heap before
{Heap before GC invocations=50 (full 0):
 garbage-first heap   total 209920K, used 194200K [0x0000000080000000, 0x0000000100000000)
  region size 1024K, 68 young (69632K), 7 survivors (7168K)
 Metaspace       used 119104K, committed 121344K, reserved 1179648K
  class space    used 16494K, committed 17600K, reserved 1048576K
}
Event: 23.883 GC heap after
{Heap after GC invocations=51 (full 0):
 garbage-first heap   total 209920K, used 128338K [0x0000000080000000, 0x0000000100000000)
  region size 1024K, 8 young (8192K), 8 survivors (8192K)
 Metaspace       used 119104K, committed 121344K, reserved 1179648K
  class space    used 16494K, committed 17600K, reserved 1048576K
}
Event: 24.318 GC heap before
{Heap before GC invocations=51 (full 0):
 garbage-first heap   total 209920K, used 188754K [0x0000000080000000, 0x0000000100000000)
  region size 1024K, 68 young (69632K), 8 survivors (8192K)
 Metaspace       used 119893K, committed 122176K, reserved 1179648K
  class space    used 16598K, committed 17728K, reserved 1048576K
}
Event: 24.328 GC heap after
{Heap after GC invocations=52 (full 0):
 garbage-first heap   total 209920K, used 132305K [0x0000000080000000, 0x0000000100000000)
  region size 1024K, 7 young (7168K), 7 survivors (7168K)
 Metaspace       used 119893K, committed 122176K, reserved 1179648K
  class space    used 16598K, committed 17728K, reserved 1048576K
}
Event: 24.674 GC heap before
{Heap before GC invocations=53 (full 0):
 garbage-first heap   total 222208K, used 188625K [0x0000000080000000, 0x0000000100000000)
  region size 1024K, 63 young (64512K), 7 survivors (7168K)
 Metaspace       used 120549K, committed 122752K, reserved 1179648K
  class space    used 16697K, committed 17792K, reserved 1048576K
}
Event: 24.685 GC heap after
{Heap after GC invocations=54 (full 0):
 garbage-first heap   total 222208K, used 140067K [0x0000000080000000, 0x0000000100000000)
  region size 1024K, 8 young (8192K), 8 survivors (8192K)
 Metaspace       used 120549K, committed 122752K, reserved 1179648K
  class space    used 16697K, committed 17792K, reserved 1048576K
}
Event: 24.783 GC heap before
{Heap before GC invocations=54 (full 0):
 garbage-first heap   total 222208K, used 201507K [0x0000000080000000, 0x0000000100000000)
  region size 1024K, 67 young (68608K), 8 survivors (8192K)
 Metaspace       used 120828K, committed 123072K, reserved 1179648K
  class space    used 16732K, committed 17856K, reserved 1048576K
}
Event: 24.798 GC heap after
{Heap after GC invocations=55 (full 0):
 garbage-first heap   total 275456K, used 153600K [0x0000000080000000, 0x0000000100000000)
  region size 1024K, 9 young (9216K), 9 survivors (9216K)
 Metaspace       used 120828K, committed 123072K, reserved 1179648K
  class space    used 16732K, committed 17856K, reserved 1048576K
}
Event: 25.542 GC heap before
{Heap before GC invocations=55 (full 0):
 garbage-first heap   total 275456K, used 240640K [0x0000000080000000, 0x0000000100000000)
  region size 1024K, 95 young (97280K), 9 survivors (9216K)
 Metaspace       used 124883K, committed 127168K, reserved 1179648K
  class space    used 17359K, committed 18496K, reserved 1048576K
}
Event: 25.553 GC heap after
{Heap after GC invocations=56 (full 0):
 garbage-first heap   total 275456K, used 167165K [0x0000000080000000, 0x0000000100000000)
  region size 1024K, 12 young (12288K), 12 survivors (12288K)
 Metaspace       used 124883K, committed 127168K, reserved 1179648K
  class space    used 17359K, committed 18496K, reserved 1048576K
}
Event: 25.789 GC heap before
{Heap before GC invocations=57 (full 0):
 garbage-first heap   total 280576K, used 237821K [0x0000000080000000, 0x0000000100000000)
  region size 1024K, 82 young (83968K), 12 survivors (12288K)
 Metaspace       used 125220K, committed 127488K, reserved 1179648K
  class space    used 17398K, committed 18496K, reserved 1048576K
}
Event: 25.811 GC heap after
{Heap after GC invocations=58 (full 0):
 garbage-first heap   total 280576K, used 181795K [0x0000000080000000, 0x0000000100000000)
  region size 1024K, 11 young (11264K), 11 survivors (11264K)
 Metaspace       used 125220K, committed 127488K, reserved 1179648K
  class space    used 17398K, committed 18496K, reserved 1048576K
}
Event: 25.978 GC heap before
{Heap before GC invocations=58 (full 0):
 garbage-first heap   total 280576K, used 246307K [0x0000000080000000, 0x0000000100000000)
  region size 1024K, 75 young (76800K), 11 survivors (11264K)
 Metaspace       used 126045K, committed 128320K, reserved 1179648K
  class space    used 17527K, committed 18624K, reserved 1048576K
}
Event: 26.001 GC heap after
{Heap after GC invocations=59 (full 0):
 garbage-first heap   total 280576K, used 193528K [0x0000000080000000, 0x0000000100000000)
  region size 1024K, 10 young (10240K), 10 survivors (10240K)
 Metaspace       used 126045K, committed 128320K, reserved 1179648K
  class space    used 17527K, committed 18624K, reserved 1048576K
}
Event: 26.126 GC heap before
{Heap before GC invocations=59 (full 0):
 garbage-first heap   total 280576K, used 251896K [0x0000000080000000, 0x0000000100000000)
  region size 1024K, 67 young (68608K), 10 survivors (10240K)
 Metaspace       used 126657K, committed 128960K, reserved 1179648K
  class space    used 17632K, committed 18752K, reserved 1048576K
}
Event: 26.146 GC heap after
{Heap after GC invocations=60 (full 0):
 garbage-first heap   total 280576K, used 206405K [0x0000000080000000, 0x0000000100000000)
  region size 1024K, 9 young (9216K), 9 survivors (9216K)
 Metaspace       used 126657K, committed 128960K, reserved 1179648K
  class space    used 17632K, committed 18752K, reserved 1048576K
}
Event: 26.485 GC heap before
{Heap before GC invocations=61 (full 0):
 garbage-first heap   total 345088K, used 252485K [0x0000000080000000, 0x0000000100000000)
  region size 1024K, 54 young (55296K), 9 survivors (9216K)
 Metaspace       used 127780K, committed 130112K, reserved 1179648K
  class space    used 17815K, committed 18944K, reserved 1048576K
}
Event: 26.504 GC heap after
{Heap after GC invocations=62 (full 0):
 garbage-first heap   total 345088K, used 216314K [0x0000000080000000, 0x0000000100000000)
  region size 1024K, 7 young (7168K), 7 survivors (7168K)
 Metaspace       used 127780K, committed 130112K, reserved 1179648K
  class space    used 17815K, committed 18944K, reserved 1048576K
}
Event: 26.691 GC heap before
{Heap before GC invocations=62 (full 0):
 garbage-first heap   total 345088K, used 300282K [0x0000000080000000, 0x0000000100000000)
  region size 1024K, 89 young (91136K), 7 survivors (7168K)
 Metaspace       used 128473K, committed 130752K, reserved 1179648K
  class space    used 17894K, committed 19008K, reserved 1048576K
}

